        -:    0:Source:fib.c
        -:    0:Graph:/media/mdakram28/Data/projects/hda/hda-server/example/sources/cov_files/fib.c-1536858310552-23934/fib.gcno
        -:    0:Data:/media/mdakram28/Data/projects/hda/hda-server/example/sources/cov_files/fib.c-1536858310552-23934/fib.gcda
        -:    0:Runs:1
        -:    0:Programs:1
        -:    1:#include <stdio.h>
        -:    2:#include "logger.h"
        -:    3:#include <time.h>
        -:    4:
       33:    5:int f(int n)
        -:    6:{
       33:    7:	usleep(1000);
       33:    8:	if (n == 0 || n == 1)
       19:    9:		return n;
        -:   10:	else
       14:   11:		return (f(n - 1) + f(n - 2));
        -:   12:}
        -:   13:
        1:   14:int main()
        -:   15:{
        1:   16:	int i = 1, c;
        -:   17:	char *arr;
        -:   18:	
        5:   19:	for (c = 1; c <= 50; c++)
        -:   20:	{
        5:   21:		printf("%d\n", f(i));
        5:   22:		arr = (char *)malloc(10000000);
        5:   23:		sleep(1);
        4:   24:		i++;
        -:   25:	}
        -:   26:
    #####:   27:	return 0;
        -:   28:}
